                                      1 ;--------------------------------------------------------
                                      2 ; File Created by SDCC : free open source ANSI-C Compiler
                                      3 ; Version 3.4.3 #9178 (Feb  8 2015) (Linux)
                                      4 ; This file was generated Sun Feb  8 13:13:06 2015
                                      5 ;--------------------------------------------------------
                                      6 	.module main
                                      7 	.optsdcc -mstm8
                                      8 	
                                      9 ;--------------------------------------------------------
                                     10 ; Public variables in this module
                                     11 ;--------------------------------------------------------
                                     12 	.globl _main
                                     13 ;--------------------------------------------------------
                                     14 ; ram data
                                     15 ;--------------------------------------------------------
                                     16 	.area DATA
                                     17 ;--------------------------------------------------------
                                     18 ; ram data
                                     19 ;--------------------------------------------------------
                                     20 	.area INITIALIZED
                                     21 ;--------------------------------------------------------
                                     22 ; Stack segment in internal ram 
                                     23 ;--------------------------------------------------------
                                     24 	.area	SSEG
      000000                         25 __start__stack:
      000000                         26 	.ds	1
                                     27 
                                     28 ;--------------------------------------------------------
                                     29 ; absolute external ram data
                                     30 ;--------------------------------------------------------
                                     31 	.area DABS (ABS)
                                     32 ;--------------------------------------------------------
                                     33 ; interrupt vector 
                                     34 ;--------------------------------------------------------
                                     35 	.area HOME
      000000                         36 __interrupt_vect:
      000000 82v00u00u00             37 	int s_GSINIT ;reset
      000004 82 00 00 00             38 	int 0x0000 ;trap
      000008 82 00 00 00             39 	int 0x0000 ;int0
      00000C 82 00 00 00             40 	int 0x0000 ;int1
      000010 82 00 00 00             41 	int 0x0000 ;int2
      000014 82 00 00 00             42 	int 0x0000 ;int3
      000018 82 00 00 00             43 	int 0x0000 ;int4
      00001C 82 00 00 00             44 	int 0x0000 ;int5
      000020 82 00 00 00             45 	int 0x0000 ;int6
      000024 82 00 00 00             46 	int 0x0000 ;int7
      000028 82 00 00 00             47 	int 0x0000 ;int8
      00002C 82 00 00 00             48 	int 0x0000 ;int9
      000030 82 00 00 00             49 	int 0x0000 ;int10
      000034 82 00 00 00             50 	int 0x0000 ;int11
      000038 82 00 00 00             51 	int 0x0000 ;int12
      00003C 82 00 00 00             52 	int 0x0000 ;int13
      000040 82 00 00 00             53 	int 0x0000 ;int14
      000044 82 00 00 00             54 	int 0x0000 ;int15
      000048 82 00 00 00             55 	int 0x0000 ;int16
      00004C 82 00 00 00             56 	int 0x0000 ;int17
      000050 82 00 00 00             57 	int 0x0000 ;int18
      000054 82 00 00 00             58 	int 0x0000 ;int19
      000058 82 00 00 00             59 	int 0x0000 ;int20
      00005C 82 00 00 00             60 	int 0x0000 ;int21
      000060 82 00 00 00             61 	int 0x0000 ;int22
      000064 82 00 00 00             62 	int 0x0000 ;int23
      000068 82 00 00 00             63 	int 0x0000 ;int24
      00006C 82 00 00 00             64 	int 0x0000 ;int25
      000070 82 00 00 00             65 	int 0x0000 ;int26
      000074 82 00 00 00             66 	int 0x0000 ;int27
      000078 82 00 00 00             67 	int 0x0000 ;int28
      00007C 82 00 00 00             68 	int 0x0000 ;int29
                                     69 ;--------------------------------------------------------
                                     70 ; global & static initialisations
                                     71 ;--------------------------------------------------------
                                     72 	.area HOME
                                     73 	.area GSINIT
                                     74 	.area GSFINAL
                                     75 	.area GSINIT
      000000                         76 __sdcc_gs_init_startup:
      000000                         77 __sdcc_init_data:
                                     78 ; stm8_genXINIT() start
      000000 AEr00r00         [ 2]   79 	ldw x, #l_DATA
      000003 27 07            [ 1]   80 	jreq	00002$
      000005                         81 00001$:
      000005 72 4FuFFuFF      [ 1]   82 	clr (s_DATA - 1, x)
      000009 5A               [ 2]   83 	decw x
      00000A 26 F9            [ 1]   84 	jrne	00001$
      00000C                         85 00002$:
      00000C AEr00r00         [ 2]   86 	ldw	x, #l_INITIALIZER
      00000F 27 09            [ 1]   87 	jreq	00004$
      000011                         88 00003$:
      000011 D6uFFuFF         [ 1]   89 	ld	a, (s_INITIALIZER - 1, x)
      000014 D7uFFuFF         [ 1]   90 	ld	(s_INITIALIZED - 1, x), a
      000017 5A               [ 2]   91 	decw	x
      000018 26 F7            [ 1]   92 	jrne	00003$
      00001A                         93 00004$:
                                     94 ; stm8_genXINIT() end
                                     95 	.area GSFINAL
      000000 CCr00r80         [ 2]   96 	jp	__sdcc_program_startup
                                     97 ;--------------------------------------------------------
                                     98 ; Home
                                     99 ;--------------------------------------------------------
                                    100 	.area HOME
                                    101 	.area HOME
      000080                        102 __sdcc_program_startup:
      000080 CCr00r27         [ 2]  103 	jp	_main
                                    104 ;	return from main will return to caller
                                    105 ;--------------------------------------------------------
                                    106 ; code
                                    107 ;--------------------------------------------------------
                                    108 	.area CODE
                                    109 ;	main.c: 4: static void delay(uint32_t t) {
                                    110 ;	-----------------------------------------
                                    111 ;	 function delay
                                    112 ;	-----------------------------------------
      000000                        113 _delay:
      000000 52 08            [ 2]  114 	sub	sp, #8
                                    115 ;	main.c: 5: while(t--);
      000002 16 0B            [ 2]  116 	ldw	y, (0x0b, sp)
      000004 17 05            [ 2]  117 	ldw	(0x05, sp), y
      000006 16 0D            [ 2]  118 	ldw	y, (0x0d, sp)
      000008                        119 00101$:
      000008 1E 05            [ 2]  120 	ldw	x, (0x05, sp)
      00000A 1F 01            [ 2]  121 	ldw	(0x01, sp), x
      00000C 93               [ 1]  122 	ldw	x, y
      00000D 72 A2 00 01      [ 2]  123 	subw	y, #0x0001
      000011 7B 06            [ 1]  124 	ld	a, (0x06, sp)
      000013 A2 00            [ 1]  125 	sbc	a, #0x00
      000015 6B 06            [ 1]  126 	ld	(0x06, sp), a
      000017 7B 05            [ 1]  127 	ld	a, (0x05, sp)
      000019 A2 00            [ 1]  128 	sbc	a, #0x00
      00001B 6B 05            [ 1]  129 	ld	(0x05, sp), a
      00001D 5D               [ 2]  130 	tnzw	x
      00001E 26 E8            [ 1]  131 	jrne	00101$
      000020 1E 01            [ 2]  132 	ldw	x, (0x01, sp)
      000022 26 E4            [ 1]  133 	jrne	00101$
      000024 5B 08            [ 2]  134 	addw	sp, #8
      000026 81               [ 4]  135 	ret
                                    136 ;	main.c: 8: int main(void) {
                                    137 ;	-----------------------------------------
                                    138 ;	 function main
                                    139 ;	-----------------------------------------
      000027                        140 _main:
                                    141 ;	main.c: 10: GPIOD->DDR |= GPIO_PIN_0;
      000027 72 10 50 11      [ 1]  142 	bset	0x5011, #0
                                    143 ;	main.c: 11: GPIOD->CR1 |= GPIO_PIN_0;
      00002B 72 10 50 12      [ 1]  144 	bset	0x5012, #0
                                    145 ;	main.c: 12: GPIOD->ODR |= GPIO_PIN_0;
      00002F 72 10 50 0F      [ 1]  146 	bset	0x500f, #0
      000033                        147 00102$:
                                    148 ;	main.c: 16: GPIOD->ODR ^= GPIO_PIN_0;
      000033 AE 50 0F         [ 2]  149 	ldw	x, #0x500f
      000036 F6               [ 1]  150 	ld	a, (x)
      000037 A8 01            [ 1]  151 	xor	a, #0x01
      000039 F7               [ 1]  152 	ld	(x), a
                                    153 ;	main.c: 17: delay(30000);
      00003A 4B 30            [ 1]  154 	push	#0x30
      00003C 4B 75            [ 1]  155 	push	#0x75
      00003E 5F               [ 1]  156 	clrw	x
      00003F 89               [ 2]  157 	pushw	x
      000040 CDr00r00         [ 4]  158 	call	_delay
      000043 5B 04            [ 2]  159 	addw	sp, #4
      000045 20 EC            [ 2]  160 	jra	00102$
      000047 81               [ 4]  161 	ret
                                    162 	.area CODE
                                    163 	.area INITIALIZER
                                    164 	.area CABS (ABS)
